<?xml version="1.0" encoding="UTF-8"?>
<!-- Generated by org.testng.reporters.JUnitXMLReporter -->
<testsuite ignored="0" hostname="MSI" failures="0" tests="5" name="Default test" time="5.061" errors="0" timestamp="2025-05-15T11:51:33 PDT">
  <testcase classname="testCases.TC02_Login" name="testLogin" time="0.707"/>
  <testcase classname="testCases.TC02_Login" name="testLogin" time="0.554"/>
  <testcase classname="testCases.TC02_Login" name="testLogin" time="0.541"/>
  <testcase classname="testCases.TC02_Login" name="testLogin" time="0.512"/>
  <testcase classname="testCases.TC02_Login" name="testLogin" time="0.571"/>
</testsuite> <!-- Default test -->
