<?xml version="1.0" encoding="UTF-8"?>
<!-- Generated by org.testng.reporters.JUnitXMLReporter -->
<testsuite ignored="2" hostname="MSI" failures="0" tests="10" name="chromeTest" time="31.335" errors="0" timestamp="2025-05-20T10:16:35 PDT">
  <testcase classname="testCases.TC06_AddAffiliate" name="testAddAffiliate" time="4.166"/>
  <testcase classname="testCases.TC03_AddToCart" name="testAddToCart" time="3.757"/>
  <testcase classname="testCases.TC05_AddToWishlist" name="testAddToWishlist" time="3.415"/>
  <testcase classname="testCases.TC01_LaunchApplication" name="testLaunchApplication" time="0.009"/>
  <testcase classname="testCases.TC02_Login" name="testLogin" time="0.787"/>
  <testcase classname="testCases.TC02_Login" name="testLogin" time="0.664"/>
  <testcase classname="testCases.TC02_Login" name="testLogin" time="1.001"/>
  <testcase classname="testCases.TC02_Login" name="testLogin" time="0.66"/>
  <testcase classname="testCases.TC02_Login" name="testLogin" time="0.536"/>
  <testcase classname="testCases.TC04_CompletePurchase" name="testAddToCart" time="2.731"/>
  <testcase classname="testCases.TC04_CompletePurchase" name="testLogin" time="0.0">
    <ignored/>
  </testcase> <!-- testLogin -->
  <testcase classname="testCases.TC04_CompletePurchase" name="testCheckout" time="0.0">
    <ignored/>
  </testcase> <!-- testCheckout -->
</testsuite> <!-- chromeTest -->
