<?xml version="1.0" encoding="UTF-8"?>
<!-- Generated by org.testng.reporters.JUnitXMLReporter -->
<testsuite ignored="2" hostname="MSI" failures="0" tests="10" name="edgeTest" time="39.96" errors="0" timestamp="2025-05-20T10:16:43 PDT">
  <testcase classname="testCases.TC06_AddAffiliate" name="testAddAffiliate" time="2.473"/>
  <testcase classname="testCases.TC03_AddToCart" name="testAddToCart" time="4.101"/>
  <testcase classname="testCases.TC05_AddToWishlist" name="testAddToWishlist" time="3.61"/>
  <testcase classname="testCases.TC01_LaunchApplication" name="testLaunchApplication" time="0.009"/>
  <testcase classname="testCases.TC02_Login" name="testLogin" time="1.043"/>
  <testcase classname="testCases.TC02_Login" name="testLogin" time="0.599"/>
  <testcase classname="testCases.TC02_Login" name="testLogin" time="0.619"/>
  <testcase classname="testCases.TC02_Login" name="testLogin" time="0.571"/>
  <testcase classname="testCases.TC02_Login" name="testLogin" time="0.526"/>
  <testcase classname="testCases.TC04_CompletePurchase" name="testAddToCart" time="2.61"/>
  <testcase classname="testCases.TC04_CompletePurchase" name="testLogin" time="0.0">
    <ignored/>
  </testcase> <!-- testLogin -->
  <testcase classname="testCases.TC04_CompletePurchase" name="testCheckout" time="0.0">
    <ignored/>
  </testcase> <!-- testCheckout -->
</testsuite> <!-- edgeTest -->
