<?xml version="1.0" encoding="UTF-8"?>
<!-- Generated by org.testng.reporters.JUnitXMLReporter -->
<testsuite ignored="0" hostname="MSI" failures="0" tests="12" name="Test" time="23.742" errors="0" timestamp="2025-05-15T12:30:29 PDT">
  <testcase classname="testCases.TC01_LaunchApplication" name="testLaunchApplication" time="0.071"/>
  <testcase classname="testCases.TC03_AddToCart" name="testAddToCart" time="3.629"/>
  <testcase classname="testCases.TC05_AddToWishlist" name="testAddToWishlist" time="2.557"/>
  <testcase classname="testCases.TC06_AddAffiliate" name="testAddAffiliate" time="1.716"/>
  <testcase classname="testCases.TC02_Login" name="testLogin" time="0.692"/>
  <testcase classname="testCases.TC02_Login" name="testLogin" time="0.539"/>
  <testcase classname="testCases.TC02_Login" name="testLogin" time="0.54"/>
  <testcase classname="testCases.TC02_Login" name="testLogin" time="0.567"/>
  <testcase classname="testCases.TC02_Login" name="testLogin" time="0.584"/>
  <testcase classname="testCases.TC04_CompletePurchase" name="testAddToCart" time="2.318"/>
  <testcase classname="testCases.TC04_CompletePurchase" name="testLogin" time="0.222"/>
  <testcase classname="testCases.TC04_CompletePurchase" name="testCheckout" time="1.241"/>
</testsuite> <!-- Test -->
