<?xml version="1.0" encoding="UTF-8"?>
<!-- Generated by org.testng.reporters.JUnitXMLReporter -->
<testsuite ignored="2" hostname="MSI" failures="0" tests="10" name="chromeTest" time="32.862" errors="0" timestamp="2025-05-21T19:55:56 PDT">
  <testcase classname="testCases.TC06_AddAffiliate" name="testAddAffiliate" time="1.679"/>
  <testcase classname="testCases.TC03_AddToCart" name="testAddToCart" time="2.496"/>
  <testcase classname="testCases.TC05_AddToWishlist" name="testAddToWishlist" time="2.947"/>
  <testcase classname="testCases.TC01_LaunchApplication" name="testLaunchApplication" time="0.007"/>
  <testcase classname="testCases.TC02_Login" name="testLogin" time="1.267"/>
  <testcase classname="testCases.TC02_Login" name="testLogin" time="0.767"/>
  <testcase classname="testCases.TC02_Login" name="testLogin" time="0.654"/>
  <testcase classname="testCases.TC02_Login" name="testLogin" time="0.758"/>
  <testcase classname="testCases.TC02_Login" name="testLogin" time="0.816"/>
  <testcase classname="testCases.TC04_CompletePurchase" name="testAddToCart" time="2.237"/>
  <testcase classname="testCases.TC04_CompletePurchase" name="testCheckout" time="0.0">
    <ignored/>
  </testcase> <!-- testCheckout -->
  <testcase classname="testCases.TC04_CompletePurchase" name="testLogin" time="0.0">
    <ignored/>
  </testcase> <!-- testLogin -->
</testsuite> <!-- chromeTest -->
